2017-06-01 09:01:13 serial = 27182818284
2017-06-01 09:01:13 email = anon
2017-06-01 09:01:13 RTG version = RTG Tools 3.7.1 / Core 3f0a42f (2016-10-18)
2017-06-01 09:01:13 awt.toolkit = sun.awt.X11.XToolkit
2017-06-01 09:01:13 file.encoding = UTF-8
2017-06-01 09:01:13 file.encoding.pkg = sun.io
2017-06-01 09:01:13 file.separator = /
2017-06-01 09:01:13 host.name = cn0805
2017-06-01 09:01:13 java.awt.graphicsenv = sun.awt.X11GraphicsEnvironment
2017-06-01 09:01:13 java.awt.printerjob = sun.print.PSPrinterJob
2017-06-01 09:01:13 java.class.path = /spin1/home/linux/mcgaugheyd/bin/rtg-tools-3.7.1/RTG.jar
2017-06-01 09:01:13 java.class.version = 52.0
2017-06-01 09:01:13 java.endorsed.dirs = /spin1/home/linux/mcgaugheyd/bin/rtg-tools-3.7.1/jre/lib/endorsed
2017-06-01 09:01:13 java.ext.dirs = /spin1/home/linux/mcgaugheyd/bin/rtg-tools-3.7.1/jre/lib/ext:/usr/java/packages/lib/ext
2017-06-01 09:01:13 java.home = /spin1/home/linux/mcgaugheyd/bin/rtg-tools-3.7.1/jre
2017-06-01 09:01:13 java.io.tmpdir = /tmp
2017-06-01 09:01:13 java.library.path = /spin1/home/linux/mcgaugheyd/bin/rtg-tools-3.7.1
2017-06-01 09:01:13 java.runtime.name = Java(TM) SE Runtime Environment
2017-06-01 09:01:13 java.runtime.version = 1.8.0_92-b14
2017-06-01 09:01:13 java.specification.name = Java Platform API Specification
2017-06-01 09:01:13 java.specification.vendor = Oracle Corporation
2017-06-01 09:01:13 java.specification.version = 1.8
2017-06-01 09:01:13 java.vendor = Oracle Corporation
2017-06-01 09:01:13 java.vendor.url = http://java.oracle.com/
2017-06-01 09:01:13 java.vendor.url.bug = http://bugreport.sun.com/bugreport/
2017-06-01 09:01:13 java.version = 1.8.0_92
2017-06-01 09:01:13 java.vm.info = mixed mode
2017-06-01 09:01:13 java.vm.name = Java HotSpot(TM) 64-Bit Server VM
2017-06-01 09:01:13 java.vm.specification.name = Java Virtual Machine Specification
2017-06-01 09:01:13 java.vm.specification.vendor = Oracle Corporation
2017-06-01 09:01:13 java.vm.specification.version = 1.8
2017-06-01 09:01:13 java.vm.vendor = Oracle Corporation
2017-06-01 09:01:13 java.vm.version = 25.92-b14
2017-06-01 09:01:13 lang.version = 1.8.0_92
2017-06-01 09:01:13 line.separator = 

2017-06-01 09:01:13 models.dir = /spin1/home/linux/mcgaugheyd/bin/rtg-tools-3.7.1/models
2017-06-01 09:01:13 os.arch = amd64
2017-06-01 09:01:13 os.freememory = 119215992832
2017-06-01 09:01:13 os.name = Linux
2017-06-01 09:01:13 os.totalmemory = 135266934784
2017-06-01 09:01:13 os.version = 2.6.32-504.16.2.el6.x86_64
2017-06-01 09:01:13 path.separator = :
2017-06-01 09:01:13 processor.arch = amd64
2017-06-01 09:01:13 processor.count = 32
2017-06-01 09:01:13 references.dir = /spin1/home/linux/mcgaugheyd/bin/rtg-tools-3.7.1/references
2017-06-01 09:01:13 runtime.freememory = 1951860976
2017-06-01 09:01:13 runtime.maxmemory = 108213043200
2017-06-01 09:01:13 runtime.totalMemory = 2025848832
2017-06-01 09:01:13 sun.arch.data.model = 64
2017-06-01 09:01:13 sun.boot.class.path = /spin1/home/linux/mcgaugheyd/bin/rtg-tools-3.7.1/jre/lib/resources.jar:/spin1/home/linux/mcgaugheyd/bin/rtg-tools-3.7.1/jre/lib/rt.jar:/spin1/home/linux/mcgaugheyd/bin/rtg-tools-3.7.1/jre/lib/sunrsasign.jar:/spin1/home/linux/mcgaugheyd/bin/rtg-tools-3.7.1/jre/lib/jsse.jar:/spin1/home/linux/mcgaugheyd/bin/rtg-tools-3.7.1/jre/lib/jce.jar:/spin1/home/linux/mcgaugheyd/bin/rtg-tools-3.7.1/jre/lib/charsets.jar:/spin1/home/linux/mcgaugheyd/bin/rtg-tools-3.7.1/jre/lib/jfr.jar:/spin1/home/linux/mcgaugheyd/bin/rtg-tools-3.7.1/jre/classes
2017-06-01 09:01:13 sun.boot.library.path = /spin1/home/linux/mcgaugheyd/bin/rtg-tools-3.7.1/jre/lib/amd64
2017-06-01 09:01:13 sun.cpu.endian = little
2017-06-01 09:01:13 sun.cpu.isalist = 
2017-06-01 09:01:13 sun.io.unicode.encoding = UnicodeLittle
2017-06-01 09:01:13 sun.java.command = /spin1/home/linux/mcgaugheyd/bin/rtg-tools-3.7.1/RTG.jar vcfeval --threads=1 --baseline=/data/mcgaugheyd/projects/nei/mcgaughey/NA12878/truth/HG001_GRCh37_GIAB_highconf_CG-IllFB-IllGATKHC-Ion-10X-SOLID_CHROM1-X_v.3.3.2_highconf_PGandRTGphasetransfer.SNP.vcf.gz --bed-regions=/home/mcgaugheyd/git/MVL_gene_analysis/HG001_GRCh37_GIAB_highconf_CG-IllFB-IllGATKHC-Ion-10X-SOLID_CHROM1-X_v.3.3.2_highconf_nosomaticdel_MVLgenes.bed -c /scratch/mcgaugheyd/NA12878.b37.bwa-mem.GATK3-5hf.vcf.gz.hardFilterSNP-INDEL_vt.snp.vcf.gz -o /home/mcgaugheyd/git/MVL_gene_analysis/rtg_MVL_OGVFB_exome_HG001_SNP -t /home/mcgaugheyd/bin/rtg-tools-3.7.1/human_g1k_v37_decoy.sdf/
2017-06-01 09:01:13 sun.java.launcher = SUN_STANDARD
2017-06-01 09:01:13 sun.jnu.encoding = UTF-8
2017-06-01 09:01:13 sun.management.compiler = HotSpot 64-Bit Tiered Compilers
2017-06-01 09:01:13 sun.os.patch.level = unknown
2017-06-01 09:01:13 talkback = true
2017-06-01 09:01:13 user.country = US
2017-06-01 09:01:13 user.dir = /gpfs/gsfs5/users/mcgaugheyd/projects/nei/mcgaughey/NA12878/mcgaughey_bwa_gatk_v02_workflow
2017-06-01 09:01:13 user.home = /home/mcgaugheyd
2017-06-01 09:01:13 user.language = en
2017-06-01 09:01:13 user.name = mcgaugheyd
2017-06-01 09:01:13 user.timezone = America/New_York
2017-06-01 09:01:13 vendor = Oracle Corporation
2017-06-01 09:01:13 gzipfix.enabled = true
2017-06-01 09:01:13 Command line arguments: rtg vcfeval --threads=1 --baseline=/data/mcgaugheyd/projects/nei/mcgaughey/NA12878/truth/HG001_GRCh37_GIAB_highconf_CG-IllFB-IllGATKHC-Ion-10X-SOLID_CHROM1-X_v.3.3.2_highconf_PGandRTGphasetransfer.SNP.vcf.gz --bed-regions=/home/mcgaugheyd/git/MVL_gene_analysis/HG001_GRCh37_GIAB_highconf_CG-IllFB-IllGATKHC-Ion-10X-SOLID_CHROM1-X_v.3.3.2_highconf_nosomaticdel_MVLgenes.bed -c /scratch/mcgaugheyd/NA12878.b37.bwa-mem.GATK3-5hf.vcf.gz.hardFilterSNP-INDEL_vt.snp.vcf.gz -o /home/mcgaugheyd/git/MVL_gene_analysis/rtg_MVL_OGVFB_exome_HG001_SNP -t /home/mcgaugheyd/bin/rtg-tools-3.7.1/human_g1k_v37_decoy.sdf/
2017-06-01 09:01:13 Run Id: 8387a767-c3da-4393-99c3-40032d15c3ff
2017-06-01 09:01:13 Referenced SDF-ID: 2818a202-9c7b-436b-958e-557f6047b6df Type: DNA Sequences: 86 Max-Length: 249250621 Min-Length: 4262 Arm: UNKNOWN
2017-06-01 09:01:16 Reference 1 baseline contains 66 variants.
2017-06-01 09:01:16 Reference 1 calls contains 66 variants.
2017-06-01 09:01:17 Reference 1 had maximum path complexity of 5 at 1:2340072-10596340
2017-06-01 09:01:18 Reference 2 baseline contains 63 variants.
2017-06-01 09:01:18 Reference 2 calls contains 61 variants.
2017-06-01 09:01:20 Reference 2 had maximum path complexity of 5 at 2:20131078-26455126
2017-06-01 09:01:21 Reference 3 baseline contains 33 variants.
2017-06-01 09:01:21 Reference 3 calls contains 33 variants.
2017-06-01 09:01:22 Reference 3 had maximum path complexity of 5 at 3:3189278-9976158
2017-06-01 09:01:23 Reference 4 baseline contains 67 variants.
2017-06-01 09:01:23 Reference 4 calls contains 64 variants.
2017-06-01 09:01:24 Reference 4 had maximum path complexity of 5 at 4:980895-980931
2017-06-01 09:01:26 Reference 5 baseline contains 42 variants.
2017-06-01 09:01:26 Reference 5 calls contains 41 variants.
2017-06-01 09:01:28 Reference 5 had maximum path complexity of 5 at 5:13811774-13829798
2017-06-01 09:01:28 Reference 6 baseline contains 37 variants.
2017-06-01 09:01:28 Reference 6 calls contains 33 variants.
2017-06-01 09:01:30 Reference 6 had maximum path complexity of 5 at 6:10764726-33138676
2017-06-01 09:01:30 Reference 7 baseline contains 28 variants.
2017-06-01 09:01:30 Reference 7 calls contains 27 variants.
2017-06-01 09:01:32 Reference 7 had maximum path complexity of 10 at 7:21582962-21599232
2017-06-01 09:01:32 Reference 8 baseline contains 25 variants.
2017-06-01 09:01:32 Reference 8 calls contains 24 variants.
2017-06-01 09:01:33 Reference 8 had maximum path complexity of 5 at 8:10470572-43054552
2017-06-01 09:01:36 Reference 9 baseline contains 24 variants.
2017-06-01 09:01:36 Reference 9 calls contains 23 variants.
2017-06-01 09:01:37 Reference 9 had maximum path complexity of 5 at 9:32542203-80851349
2017-06-01 09:01:39 Reference 10 baseline contains 34 variants.
2017-06-01 09:01:39 Reference 10 calls contains 31 variants.
2017-06-01 09:01:40 Reference 10 had maximum path complexity of 5 at 10:50681032-50740875
2017-06-01 09:01:40 Reference 11 baseline contains 44 variants.
2017-06-01 09:01:40 Reference 11 calls contains 40 variants.
2017-06-01 09:01:41 Reference 11 had maximum path complexity of 5 at 11:8122090-12903442
2017-06-01 09:01:43 Reference 12 baseline contains 18 variants.
2017-06-01 09:01:43 Reference 12 calls contains 17 variants.
2017-06-01 09:01:43 Reference 12 had maximum path complexity of 5 at 12:7842931-27470865
2017-06-01 09:01:44 Reference 13 baseline contains 24 variants.
2017-06-01 09:01:44 Reference 13 calls contains 24 variants.
2017-06-01 09:01:44 Reference 13 had maximum path complexity of 5 at 13:20716410-20716532
2017-06-01 09:01:45 Reference 14 baseline contains 14 variants.
2017-06-01 09:01:45 Reference 14 calls contains 14 variants.
2017-06-01 09:01:46 Reference 14 had maximum path complexity of 5 at 14:21769192-21770729
2017-06-01 09:01:46 Reference 15 baseline contains 22 variants.
2017-06-01 09:01:46 Reference 15 calls contains 21 variants.
2017-06-01 09:01:46 Reference 15 had maximum path complexity of 5 at 15:28096537-28211920
2017-06-01 09:01:47 Reference 16 baseline contains 29 variants.
2017-06-01 09:01:47 Reference 16 calls contains 28 variants.
2017-06-01 09:01:47 Reference 16 had maximum path complexity of 5 at 16:3586229-4386813
2017-06-01 09:01:49 Reference 17 baseline contains 26 variants.
2017-06-01 09:01:49 Reference 17 calls contains 25 variants.
2017-06-01 09:01:49 Reference 17 had maximum path complexity of 5 at 17:6330067-6331802
2017-06-01 09:01:50 Reference 18 baseline contains 12 variants.
2017-06-01 09:01:50 Reference 18 calls contains 12 variants.
2017-06-01 09:01:51 Reference 18 had maximum path complexity of 5 at 18:6985269-6985630
2017-06-01 09:01:51 Reference 19 baseline contains 25 variants.
2017-06-01 09:01:51 Reference 19 calls contains 25 variants.
2017-06-01 09:01:51 Reference 19 had maximum path complexity of 5 at 19:6677988-6697405
2017-06-01 09:01:52 Reference 20 baseline contains 8 variants.
2017-06-01 09:01:52 Reference 20 calls contains 8 variants.
2017-06-01 09:01:52 Reference 20 had maximum path complexity of 5 at 20:10620385-10633236
2017-06-01 09:01:54 Reference 21 baseline contains 9 variants.
2017-06-01 09:01:54 Reference 21 calls contains 7 variants.
2017-06-01 09:01:54 Reference 21 had maximum path complexity of 5 at 21:46876082-46876172
2017-06-01 09:01:54 Reference 22 baseline contains 24 variants.
2017-06-01 09:01:54 Reference 22 calls contains 23 variants.
2017-06-01 09:01:55 Reference 22 had maximum path complexity of 5 at 22:18566287-20779767
2017-06-01 09:01:55 Reference X baseline contains 5 variants.
2017-06-01 09:01:55 Reference X calls contains 4 variants.
2017-06-01 09:01:55 Reference X had maximum path complexity of 5 at X:39933338-131212511
2017-06-01 09:01:56 Threshold  True-pos-baseline  True-pos-call  False-pos  False-neg  Precision  Sensitivity  F-measure
----------------------------------------------------------------------------------------------------
    9.000                650            650          0         29     1.0000       0.9573     0.9782
     None                650            650          1         29     0.9985       0.9573     0.9774

2017-06-01 09:01:56 Finished successfully in 43 s.
