2017-06-01 09:01:57 serial = 27182818284
2017-06-01 09:01:57 email = anon
2017-06-01 09:01:57 RTG version = RTG Tools 3.7.1 / Core 3f0a42f (2016-10-18)
2017-06-01 09:01:57 awt.toolkit = sun.awt.X11.XToolkit
2017-06-01 09:01:57 file.encoding = UTF-8
2017-06-01 09:01:57 file.encoding.pkg = sun.io
2017-06-01 09:01:57 file.separator = /
2017-06-01 09:01:57 host.name = cn0805
2017-06-01 09:01:57 java.awt.graphicsenv = sun.awt.X11GraphicsEnvironment
2017-06-01 09:01:57 java.awt.printerjob = sun.print.PSPrinterJob
2017-06-01 09:01:57 java.class.path = /spin1/home/linux/mcgaugheyd/bin/rtg-tools-3.7.1/RTG.jar
2017-06-01 09:01:57 java.class.version = 52.0
2017-06-01 09:01:57 java.endorsed.dirs = /spin1/home/linux/mcgaugheyd/bin/rtg-tools-3.7.1/jre/lib/endorsed
2017-06-01 09:01:57 java.ext.dirs = /spin1/home/linux/mcgaugheyd/bin/rtg-tools-3.7.1/jre/lib/ext:/usr/java/packages/lib/ext
2017-06-01 09:01:57 java.home = /spin1/home/linux/mcgaugheyd/bin/rtg-tools-3.7.1/jre
2017-06-01 09:01:57 java.io.tmpdir = /tmp
2017-06-01 09:01:57 java.library.path = /spin1/home/linux/mcgaugheyd/bin/rtg-tools-3.7.1
2017-06-01 09:01:57 java.runtime.name = Java(TM) SE Runtime Environment
2017-06-01 09:01:57 java.runtime.version = 1.8.0_92-b14
2017-06-01 09:01:57 java.specification.name = Java Platform API Specification
2017-06-01 09:01:57 java.specification.vendor = Oracle Corporation
2017-06-01 09:01:57 java.specification.version = 1.8
2017-06-01 09:01:57 java.vendor = Oracle Corporation
2017-06-01 09:01:57 java.vendor.url = http://java.oracle.com/
2017-06-01 09:01:57 java.vendor.url.bug = http://bugreport.sun.com/bugreport/
2017-06-01 09:01:57 java.version = 1.8.0_92
2017-06-01 09:01:57 java.vm.info = mixed mode
2017-06-01 09:01:57 java.vm.name = Java HotSpot(TM) 64-Bit Server VM
2017-06-01 09:01:57 java.vm.specification.name = Java Virtual Machine Specification
2017-06-01 09:01:57 java.vm.specification.vendor = Oracle Corporation
2017-06-01 09:01:57 java.vm.specification.version = 1.8
2017-06-01 09:01:57 java.vm.vendor = Oracle Corporation
2017-06-01 09:01:57 java.vm.version = 25.92-b14
2017-06-01 09:01:57 lang.version = 1.8.0_92
2017-06-01 09:01:57 line.separator = 

2017-06-01 09:01:57 models.dir = /spin1/home/linux/mcgaugheyd/bin/rtg-tools-3.7.1/models
2017-06-01 09:01:57 os.arch = amd64
2017-06-01 09:01:57 os.freememory = 119208636416
2017-06-01 09:01:57 os.name = Linux
2017-06-01 09:01:57 os.totalmemory = 135266934784
2017-06-01 09:01:57 os.version = 2.6.32-504.16.2.el6.x86_64
2017-06-01 09:01:57 path.separator = :
2017-06-01 09:01:57 processor.arch = amd64
2017-06-01 09:01:57 processor.count = 32
2017-06-01 09:01:57 references.dir = /spin1/home/linux/mcgaugheyd/bin/rtg-tools-3.7.1/references
2017-06-01 09:01:57 runtime.freememory = 1941291168
2017-06-01 09:01:57 runtime.maxmemory = 108213043200
2017-06-01 09:01:57 runtime.totalMemory = 2025848832
2017-06-01 09:01:57 sun.arch.data.model = 64
2017-06-01 09:01:57 sun.boot.class.path = /spin1/home/linux/mcgaugheyd/bin/rtg-tools-3.7.1/jre/lib/resources.jar:/spin1/home/linux/mcgaugheyd/bin/rtg-tools-3.7.1/jre/lib/rt.jar:/spin1/home/linux/mcgaugheyd/bin/rtg-tools-3.7.1/jre/lib/sunrsasign.jar:/spin1/home/linux/mcgaugheyd/bin/rtg-tools-3.7.1/jre/lib/jsse.jar:/spin1/home/linux/mcgaugheyd/bin/rtg-tools-3.7.1/jre/lib/jce.jar:/spin1/home/linux/mcgaugheyd/bin/rtg-tools-3.7.1/jre/lib/charsets.jar:/spin1/home/linux/mcgaugheyd/bin/rtg-tools-3.7.1/jre/lib/jfr.jar:/spin1/home/linux/mcgaugheyd/bin/rtg-tools-3.7.1/jre/classes
2017-06-01 09:01:57 sun.boot.library.path = /spin1/home/linux/mcgaugheyd/bin/rtg-tools-3.7.1/jre/lib/amd64
2017-06-01 09:01:57 sun.cpu.endian = little
2017-06-01 09:01:57 sun.cpu.isalist = 
2017-06-01 09:01:57 sun.io.unicode.encoding = UnicodeLittle
2017-06-01 09:01:57 sun.java.command = /spin1/home/linux/mcgaugheyd/bin/rtg-tools-3.7.1/RTG.jar vcfeval --threads=1 --baseline=/data/mcgaugheyd/projects/nei/mcgaughey/NA12878/truth/HG001_GRCh37_GIAB_highconf_CG-IllFB-IllGATKHC-Ion-10X-SOLID_CHROM1-X_v.3.3.2_highconf_PGandRTGphasetransfer.INDEL.vcf.gz --bed-regions=/home/mcgaugheyd/git/MVL_gene_analysis/HG001_GRCh37_GIAB_highconf_CG-IllFB-IllGATKHC-Ion-10X-SOLID_CHROM1-X_v.3.3.2_highconf_nosomaticdel_MVLgenes.bed -c /scratch/mcgaugheyd/NA12878.b37.bwa-mem.GATK3-5hf.vcf.gz.hardFilterSNP-INDEL_vt.indel.vcf.gz -o /home/mcgaugheyd/git/MVL_gene_analysis/rtg_MVL_OGVFB_exome_HG001_INDEL -t /home/mcgaugheyd/bin/rtg-tools-3.7.1/human_g1k_v37_decoy.sdf/
2017-06-01 09:01:57 sun.java.launcher = SUN_STANDARD
2017-06-01 09:01:57 sun.jnu.encoding = UTF-8
2017-06-01 09:01:57 sun.management.compiler = HotSpot 64-Bit Tiered Compilers
2017-06-01 09:01:57 sun.os.patch.level = unknown
2017-06-01 09:01:57 talkback = true
2017-06-01 09:01:57 user.country = US
2017-06-01 09:01:57 user.dir = /gpfs/gsfs5/users/mcgaugheyd/projects/nei/mcgaughey/NA12878/mcgaughey_bwa_gatk_v02_workflow
2017-06-01 09:01:57 user.home = /home/mcgaugheyd
2017-06-01 09:01:57 user.language = en
2017-06-01 09:01:57 user.name = mcgaugheyd
2017-06-01 09:01:57 user.timezone = America/New_York
2017-06-01 09:01:57 vendor = Oracle Corporation
2017-06-01 09:01:57 gzipfix.enabled = true
2017-06-01 09:01:57 Command line arguments: rtg vcfeval --threads=1 --baseline=/data/mcgaugheyd/projects/nei/mcgaughey/NA12878/truth/HG001_GRCh37_GIAB_highconf_CG-IllFB-IllGATKHC-Ion-10X-SOLID_CHROM1-X_v.3.3.2_highconf_PGandRTGphasetransfer.INDEL.vcf.gz --bed-regions=/home/mcgaugheyd/git/MVL_gene_analysis/HG001_GRCh37_GIAB_highconf_CG-IllFB-IllGATKHC-Ion-10X-SOLID_CHROM1-X_v.3.3.2_highconf_nosomaticdel_MVLgenes.bed -c /scratch/mcgaugheyd/NA12878.b37.bwa-mem.GATK3-5hf.vcf.gz.hardFilterSNP-INDEL_vt.indel.vcf.gz -o /home/mcgaugheyd/git/MVL_gene_analysis/rtg_MVL_OGVFB_exome_HG001_INDEL -t /home/mcgaugheyd/bin/rtg-tools-3.7.1/human_g1k_v37_decoy.sdf/
2017-06-01 09:01:57 Run Id: 7ff3f433-4b38-404c-a79b-c41a948a92fe
2017-06-01 09:01:58 Referenced SDF-ID: 2818a202-9c7b-436b-958e-557f6047b6df Type: DNA Sequences: 86 Max-Length: 249250621 Min-Length: 4262 Arm: UNKNOWN
2017-06-01 09:01:59 Reference 1 baseline contains 0 variants.
2017-06-01 09:01:59 Reference 1 calls contains 0 variants.
2017-06-01 09:02:04 Reference 2 baseline contains 3 variants.
2017-06-01 09:02:04 Reference 2 calls contains 3 variants.
2017-06-01 09:02:06 Reference 2 had maximum path complexity of 9 at 2:73613031-73675227
2017-06-01 09:02:08 Reference 3 baseline contains 0 variants.
2017-06-01 09:02:08 Reference 3 calls contains 0 variants.
2017-06-01 09:02:09 Reference 4 baseline contains 0 variants.
2017-06-01 09:02:09 Reference 4 calls contains 0 variants.
2017-06-01 09:02:10 Reference 5 baseline contains 0 variants.
2017-06-01 09:02:10 Reference 5 calls contains 0 variants.
2017-06-01 09:02:13 Reference 6 baseline contains 3 variants.
2017-06-01 09:02:13 Reference 6 calls contains 0 variants.
2017-06-01 09:02:15 Reference 7 baseline contains 0 variants.
2017-06-01 09:02:15 Reference 7 calls contains 0 variants.
2017-06-01 09:02:17 Reference 8 baseline contains 0 variants.
2017-06-01 09:02:17 Reference 8 calls contains 0 variants.
2017-06-01 09:02:21 Reference 9 baseline contains 0 variants.
2017-06-01 09:02:21 Reference 9 calls contains 0 variants.
2017-06-01 09:02:22 Reference 10 baseline contains 0 variants.
2017-06-01 09:02:22 Reference 10 calls contains 0 variants.
2017-06-01 09:02:26 Reference 11 baseline contains 0 variants.
2017-06-01 09:02:26 Reference 11 calls contains 0 variants.
2017-06-01 09:02:27 Reference 12 baseline contains 1 variants.
2017-06-01 09:02:27 Reference 12 calls contains 0 variants.
2017-06-01 09:02:28 Reference 13 baseline contains 1 variants.
2017-06-01 09:02:28 Reference 13 calls contains 0 variants.
2017-06-01 09:02:29 Reference 14 baseline contains 0 variants.
2017-06-01 09:02:29 Reference 14 calls contains 0 variants.
2017-06-01 09:02:30 Reference 15 baseline contains 1 variants.
2017-06-01 09:02:30 Reference 15 calls contains 1 variants.
2017-06-01 09:02:30 Reference 15 had maximum path complexity of 4 at 15:72105928-102531391
2017-06-01 09:02:31 Reference 16 baseline contains 0 variants.
2017-06-01 09:02:31 Reference 16 calls contains 0 variants.
2017-06-01 09:02:33 Reference 17 baseline contains 0 variants.
2017-06-01 09:02:33 Reference 17 calls contains 0 variants.
2017-06-01 09:02:34 Reference 18 baseline contains 0 variants.
2017-06-01 09:02:34 Reference 18 calls contains 0 variants.
2017-06-01 09:02:35 Reference 19 baseline contains 2 variants.
2017-06-01 09:02:35 Reference 19 calls contains 2 variants.
2017-06-01 09:02:35 Reference 19 had maximum path complexity of 9 at 19:13318672-33167775
2017-06-01 09:02:35 Reference 20 baseline contains 2 variants.
2017-06-01 09:02:35 Reference 20 calls contains 2 variants.
2017-06-01 09:02:35 Reference 20 had maximum path complexity of 9 at 20:21106714-21186161
2017-06-01 09:02:36 Reference 21 baseline contains 0 variants.
2017-06-01 09:02:36 Reference 21 calls contains 0 variants.
2017-06-01 09:02:37 Reference 22 baseline contains 2 variants.
2017-06-01 09:02:37 Reference 22 calls contains 1 variants.
2017-06-01 09:02:37 Reference 22 had maximum path complexity of 4 at 22:20779973-20780024
2017-06-01 09:02:39 Reference X baseline contains 0 variants.
2017-06-01 09:02:39 Reference X calls contains 0 variants.
2017-06-01 09:02:39 Threshold  True-pos-baseline  True-pos-call  False-pos  False-neg  Precision  Sensitivity  F-measure
----------------------------------------------------------------------------------------------------
   39.000                  9              9          0          6     1.0000       0.6000     0.7500
     None                  9              9          0          6     1.0000       0.6000     0.7500

2017-06-01 09:02:40 Finished successfully in 42 s.
